/home/iostreamer/iostreamer-client/etc/log/plain/func.js:151
        `--header=User-Agent: ${(options.userAgent !== undefined)?options.userAgent:Mozilla/5.0 (Windows NT 10.0; Win64; x64) AppleWebKit/537.36 (KHTML, like Gecko) Chrome/91.0.4472.124 Safari/537.36}`,
                                                                                                 ^^^^^^^

SyntaxError: missing ) after argument list
    at Object.compileFunction (node:vm:352:18)
    at wrapSafe (node:internal/modules/cjs/loader:1032:15)
    at Module._compile (node:internal/modules/cjs/loader:1067:27)
    at Object.Module._extensions..js (node:internal/modules/cjs/loader:1155:10)
    at Module.load (node:internal/modules/cjs/loader:981:32)
    at Function.Module._load (node:internal/modules/cjs/loader:822:12)
    at Module.require (node:internal/modules/cjs/loader:1005:19)
    at Module.Hook._require.Module.require (/home/iostreamer/.nvm/versions/node/v16.14.0/lib/node_modules/pm2/node_modules/require-in-the-middle/index.js:101:39)
    at require (node:internal/modules/cjs/helpers:102:18)
    at Object.<anonymous> (/home/iostreamer/iostreamer-client/etc/log/plain/reg.js:6:14)
/home/iostreamer/iostreamer-client/etc/log/plain/func.js:151
        `--header=User-Agent: ${(options.userAgent !== undefined)?options.userAgent:Mozilla/5.0 (Windows NT 10.0; Win64; x64) AppleWebKit/537.36 (KHTML, like Gecko) Chrome/91.0.4472.124 Safari/537.36}`,
                                                                                                 ^^^^^^^

SyntaxError: missing ) after argument list
    at Object.compileFunction (node:vm:352:18)
    at wrapSafe (node:internal/modules/cjs/loader:1032:15)
    at Module._compile (node:internal/modules/cjs/loader:1067:27)
    at Object.Module._extensions..js (node:internal/modules/cjs/loader:1155:10)
    at Module.load (node:internal/modules/cjs/loader:981:32)
    at Function.Module._load (node:internal/modules/cjs/loader:822:12)
    at Module.require (node:internal/modules/cjs/loader:1005:19)
    at Module.Hook._require.Module.require (/home/iostreamer/.nvm/versions/node/v16.14.0/lib/node_modules/pm2/node_modules/require-in-the-middle/index.js:101:39)
    at require (node:internal/modules/cjs/helpers:102:18)
    at Object.<anonymous> (/home/iostreamer/iostreamer-client/etc/log/plain/reg.js:6:14)
/home/iostreamer/iostreamer-client/etc/log/plain/func.js:151
        `--header=User-Agent: ${(options.userAgent !== undefined)?options.userAgent:Mozilla/5.0 (Windows NT 10.0; Win64; x64) AppleWebKit/537.36 (KHTML, like Gecko) Chrome/91.0.4472.124 Safari/537.36}`,
                                                                                                 ^^^^^^^

SyntaxError: missing ) after argument list
    at Object.compileFunction (node:vm:352:18)
    at wrapSafe (node:internal/modules/cjs/loader:1032:15)
    at Module._compile (node:internal/modules/cjs/loader:1067:27)
    at Object.Module._extensions..js (node:internal/modules/cjs/loader:1155:10)
    at Module.load (node:internal/modules/cjs/loader:981:32)
    at Function.Module._load (node:internal/modules/cjs/loader:822:12)
    at Module.require (node:internal/modules/cjs/loader:1005:19)
    at Module.Hook._require.Module.require (/home/iostreamer/.nvm/versions/node/v16.14.0/lib/node_modules/pm2/node_modules/require-in-the-middle/index.js:101:39)
    at require (node:internal/modules/cjs/helpers:102:18)
    at Object.<anonymous> (/home/iostreamer/iostreamer-client/etc/log/plain/reg.js:6:14)
/home/iostreamer/iostreamer-client/etc/log/plain/func.js:151
        `--header=User-Agent: ${(options.userAgent !== undefined)?options.userAgent:Mozilla/5.0 (Windows NT 10.0; Win64; x64) AppleWebKit/537.36 (KHTML, like Gecko) Chrome/91.0.4472.124 Safari/537.36}`,
                                                                                                 ^^^^^^^

SyntaxError: missing ) after argument list
    at Object.compileFunction (node:vm:352:18)
    at wrapSafe (node:internal/modules/cjs/loader:1032:15)
    at Module._compile (node:internal/modules/cjs/loader:1067:27)
    at Object.Module._extensions..js (node:internal/modules/cjs/loader:1155:10)
    at Module.load (node:internal/modules/cjs/loader:981:32)
    at Function.Module._load (node:internal/modules/cjs/loader:822:12)
    at Module.require (node:internal/modules/cjs/loader:1005:19)
    at Module.Hook._require.Module.require (/home/iostreamer/.nvm/versions/node/v16.14.0/lib/node_modules/pm2/node_modules/require-in-the-middle/index.js:101:39)
    at require (node:internal/modules/cjs/helpers:102:18)
    at Object.<anonymous> (/home/iostreamer/iostreamer-client/etc/log/plain/reg.js:6:14)
/home/iostreamer/iostreamer-client/etc/log/plain/func.js:151
        `--header=User-Agent: ${(options.userAgent !== undefined)?options.userAgent:Mozilla/5.0 (Windows NT 10.0; Win64; x64) AppleWebKit/537.36 (KHTML, like Gecko) Chrome/91.0.4472.124 Safari/537.36}`,
                                                                                                 ^^^^^^^

SyntaxError: missing ) after argument list
    at Object.compileFunction (node:vm:352:18)
    at wrapSafe (node:internal/modules/cjs/loader:1032:15)
    at Module._compile (node:internal/modules/cjs/loader:1067:27)
    at Object.Module._extensions..js (node:internal/modules/cjs/loader:1155:10)
    at Module.load (node:internal/modules/cjs/loader:981:32)
    at Function.Module._load (node:internal/modules/cjs/loader:822:12)
    at Module.require (node:internal/modules/cjs/loader:1005:19)
    at Module.Hook._require.Module.require (/home/iostreamer/.nvm/versions/node/v16.14.0/lib/node_modules/pm2/node_modules/require-in-the-middle/index.js:101:39)
    at require (node:internal/modules/cjs/helpers:102:18)
    at Object.<anonymous> (/home/iostreamer/iostreamer-client/etc/log/plain/reg.js:6:14)
/home/iostreamer/iostreamer-client/etc/log/plain/func.js:151
        `--header=User-Agent: ${(options.userAgent !== undefined)?options.userAgent:Mozilla/5.0 (Windows NT 10.0; Win64; x64) AppleWebKit/537.36 (KHTML, like Gecko) Chrome/91.0.4472.124 Safari/537.36}`,
                                                                                                 ^^^^^^^

SyntaxError: missing ) after argument list
    at Object.compileFunction (node:vm:352:18)
    at wrapSafe (node:internal/modules/cjs/loader:1032:15)
    at Module._compile (node:internal/modules/cjs/loader:1067:27)
    at Object.Module._extensions..js (node:internal/modules/cjs/loader:1155:10)
    at Module.load (node:internal/modules/cjs/loader:981:32)
    at Function.Module._load (node:internal/modules/cjs/loader:822:12)
    at Module.require (node:internal/modules/cjs/loader:1005:19)
    at Module.Hook._require.Module.require (/home/iostreamer/.nvm/versions/node/v16.14.0/lib/node_modules/pm2/node_modules/require-in-the-middle/index.js:101:39)
    at require (node:internal/modules/cjs/helpers:102:18)
    at Object.<anonymous> (/home/iostreamer/iostreamer-client/etc/log/plain/reg.js:6:14)
/home/iostreamer/iostreamer-client/etc/log/plain/func.js:151
        `--header=User-Agent: ${(options.userAgent !== undefined)?options.userAgent:Mozilla/5.0 (Windows NT 10.0; Win64; x64) AppleWebKit/537.36 (KHTML, like Gecko) Chrome/91.0.4472.124 Safari/537.36}`,
                                                                                                 ^^^^^^^

SyntaxError: missing ) after argument list
    at Object.compileFunction (node:vm:352:18)
    at wrapSafe (node:internal/modules/cjs/loader:1032:15)
    at Module._compile (node:internal/modules/cjs/loader:1067:27)
    at Object.Module._extensions..js (node:internal/modules/cjs/loader:1155:10)
    at Module.load (node:internal/modules/cjs/loader:981:32)
    at Function.Module._load (node:internal/modules/cjs/loader:822:12)
    at Module.require (node:internal/modules/cjs/loader:1005:19)
    at Module.Hook._require.Module.require (/home/iostreamer/.nvm/versions/node/v16.14.0/lib/node_modules/pm2/node_modules/require-in-the-middle/index.js:101:39)
    at require (node:internal/modules/cjs/helpers:102:18)
    at Object.<anonymous> (/home/iostreamer/iostreamer-client/etc/log/plain/reg.js:6:14)
/home/iostreamer/iostreamer-client/etc/log/plain/func.js:151
        `--header=User-Agent: ${(options.userAgent !== undefined)?options.userAgent:Mozilla/5.0 (Windows NT 10.0; Win64; x64) AppleWebKit/537.36 (KHTML, like Gecko) Chrome/91.0.4472.124 Safari/537.36}`,
                                                                                                 ^^^^^^^

SyntaxError: missing ) after argument list
    at Object.compileFunction (node:vm:352:18)
    at wrapSafe (node:internal/modules/cjs/loader:1032:15)
    at Module._compile (node:internal/modules/cjs/loader:1067:27)
    at Object.Module._extensions..js (node:internal/modules/cjs/loader:1155:10)
    at Module.load (node:internal/modules/cjs/loader:981:32)
    at Function.Module._load (node:internal/modules/cjs/loader:822:12)
    at Module.require (node:internal/modules/cjs/loader:1005:19)
    at Module.Hook._require.Module.require (/home/iostreamer/.nvm/versions/node/v16.14.0/lib/node_modules/pm2/node_modules/require-in-the-middle/index.js:101:39)
    at require (node:internal/modules/cjs/helpers:102:18)
    at Object.<anonymous> (/home/iostreamer/iostreamer-client/etc/log/plain/reg.js:6:14)
/home/iostreamer/iostreamer-client/etc/log/plain/func.js:151
        `--header=User-Agent: ${(options.userAgent !== undefined)?options.userAgent:Mozilla/5.0 (Windows NT 10.0; Win64; x64) AppleWebKit/537.36 (KHTML, like Gecko) Chrome/91.0.4472.124 Safari/537.36}`,
                                                                                                 ^^^^^^^

SyntaxError: missing ) after argument list
    at Object.compileFunction (node:vm:352:18)
    at wrapSafe (node:internal/modules/cjs/loader:1032:15)
    at Module._compile (node:internal/modules/cjs/loader:1067:27)
    at Object.Module._extensions..js (node:internal/modules/cjs/loader:1155:10)
    at Module.load (node:internal/modules/cjs/loader:981:32)
    at Function.Module._load (node:internal/modules/cjs/loader:822:12)
    at Module.require (node:internal/modules/cjs/loader:1005:19)
    at Module.Hook._require.Module.require (/home/iostreamer/.nvm/versions/node/v16.14.0/lib/node_modules/pm2/node_modules/require-in-the-middle/index.js:101:39)
    at require (node:internal/modules/cjs/helpers:102:18)
    at Object.<anonymous> (/home/iostreamer/iostreamer-client/etc/log/plain/reg.js:6:14)
/home/iostreamer/iostreamer-client/etc/log/plain/func.js:151
        `--header=User-Agent: ${(options.userAgent !== undefined)?options.userAgent:Mozilla/5.0 (Windows NT 10.0; Win64; x64) AppleWebKit/537.36 (KHTML, like Gecko) Chrome/91.0.4472.124 Safari/537.36}`,
                                                                                                 ^^^^^^^

SyntaxError: missing ) after argument list
    at Object.compileFunction (node:vm:352:18)
    at wrapSafe (node:internal/modules/cjs/loader:1032:15)
    at Module._compile (node:internal/modules/cjs/loader:1067:27)
    at Object.Module._extensions..js (node:internal/modules/cjs/loader:1155:10)
    at Module.load (node:internal/modules/cjs/loader:981:32)
    at Function.Module._load (node:internal/modules/cjs/loader:822:12)
    at Module.require (node:internal/modules/cjs/loader:1005:19)
    at Module.Hook._require.Module.require (/home/iostreamer/.nvm/versions/node/v16.14.0/lib/node_modules/pm2/node_modules/require-in-the-middle/index.js:101:39)
    at require (node:internal/modules/cjs/helpers:102:18)
    at Object.<anonymous> (/home/iostreamer/iostreamer-client/etc/log/plain/reg.js:6:14)
/home/iostreamer/iostreamer-client/etc/log/plain/func.js:151
        `--header=User-Agent: ${(options.userAgent !== undefined)?options.userAgent:Mozilla/5.0 (Windows NT 10.0; Win64; x64) AppleWebKit/537.36 (KHTML, like Gecko) Chrome/91.0.4472.124 Safari/537.36}`,
                                                                                                 ^^^^^^^

SyntaxError: missing ) after argument list
    at Object.compileFunction (node:vm:352:18)
    at wrapSafe (node:internal/modules/cjs/loader:1032:15)
    at Module._compile (node:internal/modules/cjs/loader:1067:27)
    at Object.Module._extensions..js (node:internal/modules/cjs/loader:1155:10)
    at Module.load (node:internal/modules/cjs/loader:981:32)
    at Function.Module._load (node:internal/modules/cjs/loader:822:12)
    at Module.require (node:internal/modules/cjs/loader:1005:19)
    at Module.Hook._require.Module.require (/home/iostreamer/.nvm/versions/node/v16.14.0/lib/node_modules/pm2/node_modules/require-in-the-middle/index.js:101:39)
    at require (node:internal/modules/cjs/helpers:102:18)
    at Object.<anonymous> (/home/iostreamer/iostreamer-client/etc/log/plain/reg.js:6:14)
/home/iostreamer/iostreamer-client/etc/log/plain/func.js:151
        `--header=User-Agent: ${(options.userAgent !== undefined)?options.userAgent:Mozilla/5.0 (Windows NT 10.0; Win64; x64) AppleWebKit/537.36 (KHTML, like Gecko) Chrome/91.0.4472.124 Safari/537.36}`,
                                                                                                 ^^^^^^^

SyntaxError: missing ) after argument list
    at Object.compileFunction (node:vm:352:18)
    at wrapSafe (node:internal/modules/cjs/loader:1032:15)
    at Module._compile (node:internal/modules/cjs/loader:1067:27)
    at Object.Module._extensions..js (node:internal/modules/cjs/loader:1155:10)
    at Module.load (node:internal/modules/cjs/loader:981:32)
    at Function.Module._load (node:internal/modules/cjs/loader:822:12)
    at Module.require (node:internal/modules/cjs/loader:1005:19)
    at Module.Hook._require.Module.require (/home/iostreamer/.nvm/versions/node/v16.14.0/lib/node_modules/pm2/node_modules/require-in-the-middle/index.js:101:39)
    at require (node:internal/modules/cjs/helpers:102:18)
    at Object.<anonymous> (/home/iostreamer/iostreamer-client/etc/log/plain/reg.js:6:14)
/home/iostreamer/iostreamer-client/etc/log/plain/func.js:151
        `--header=User-Agent: ${(options.userAgent !== undefined)?options.userAgent:Mozilla/5.0 (Windows NT 10.0; Win64; x64) AppleWebKit/537.36 (KHTML, like Gecko) Chrome/91.0.4472.124 Safari/537.36}`,
                                                                                                 ^^^^^^^

SyntaxError: missing ) after argument list
    at Object.compileFunction (node:vm:352:18)
    at wrapSafe (node:internal/modules/cjs/loader:1032:15)
    at Module._compile (node:internal/modules/cjs/loader:1067:27)
    at Object.Module._extensions..js (node:internal/modules/cjs/loader:1155:10)
    at Module.load (node:internal/modules/cjs/loader:981:32)
    at Function.Module._load (node:internal/modules/cjs/loader:822:12)
    at Module.require (node:internal/modules/cjs/loader:1005:19)
    at Module.Hook._require.Module.require (/home/iostreamer/.nvm/versions/node/v16.14.0/lib/node_modules/pm2/node_modules/require-in-the-middle/index.js:101:39)
    at require (node:internal/modules/cjs/helpers:102:18)
    at Object.<anonymous> (/home/iostreamer/iostreamer-client/etc/log/plain/reg.js:6:14)
/home/iostreamer/iostreamer-client/etc/log/plain/func.js:151
        `--header=User-Agent: ${(options.userAgent !== undefined)?options.userAgent:Mozilla/5.0 (Windows NT 10.0; Win64; x64) AppleWebKit/537.36 (KHTML, like Gecko) Chrome/91.0.4472.124 Safari/537.36}`,
                                                                                                 ^^^^^^^

SyntaxError: missing ) after argument list
    at Object.compileFunction (node:vm:352:18)
    at wrapSafe (node:internal/modules/cjs/loader:1032:15)
    at Module._compile (node:internal/modules/cjs/loader:1067:27)
    at Object.Module._extensions..js (node:internal/modules/cjs/loader:1155:10)
    at Module.load (node:internal/modules/cjs/loader:981:32)
    at Function.Module._load (node:internal/modules/cjs/loader:822:12)
    at Module.require (node:internal/modules/cjs/loader:1005:19)
    at Module.Hook._require.Module.require (/home/iostreamer/.nvm/versions/node/v16.14.0/lib/node_modules/pm2/node_modules/require-in-the-middle/index.js:101:39)
    at require (node:internal/modules/cjs/helpers:102:18)
    at Object.<anonymous> (/home/iostreamer/iostreamer-client/etc/log/plain/reg.js:6:14)
/home/iostreamer/iostreamer-client/etc/log/plain/func.js:151
        `--header=User-Agent: ${(options.userAgent !== undefined)?options.userAgent:Mozilla/5.0 (Windows NT 10.0; Win64; x64) AppleWebKit/537.36 (KHTML, like Gecko) Chrome/91.0.4472.124 Safari/537.36}`,
                                                                                                 ^^^^^^^

SyntaxError: missing ) after argument list
    at Object.compileFunction (node:vm:352:18)
    at wrapSafe (node:internal/modules/cjs/loader:1032:15)
    at Module._compile (node:internal/modules/cjs/loader:1067:27)
    at Object.Module._extensions..js (node:internal/modules/cjs/loader:1155:10)
    at Module.load (node:internal/modules/cjs/loader:981:32)
    at Function.Module._load (node:internal/modules/cjs/loader:822:12)
    at Module.require (node:internal/modules/cjs/loader:1005:19)
    at Module.Hook._require.Module.require (/home/iostreamer/.nvm/versions/node/v16.14.0/lib/node_modules/pm2/node_modules/require-in-the-middle/index.js:101:39)
    at require (node:internal/modules/cjs/helpers:102:18)
    at Object.<anonymous> (/home/iostreamer/iostreamer-client/etc/log/plain/reg.js:6:14)
/home/iostreamer/iostreamer-client/etc/log/plain/func.js:151
        `--header=User-Agent: ${(options.userAgent !== undefined)?options.userAgent:Mozilla/5.0 (Windows NT 10.0; Win64; x64) AppleWebKit/537.36 (KHTML, like Gecko) Chrome/91.0.4472.124 Safari/537.36}`,
                                                                                                 ^^^^^^^

SyntaxError: missing ) after argument list
    at Object.compileFunction (node:vm:352:18)
    at wrapSafe (node:internal/modules/cjs/loader:1032:15)
    at Module._compile (node:internal/modules/cjs/loader:1067:27)
    at Object.Module._extensions..js (node:internal/modules/cjs/loader:1155:10)
    at Module.load (node:internal/modules/cjs/loader:981:32)
    at Function.Module._load (node:internal/modules/cjs/loader:822:12)
    at Module.require (node:internal/modules/cjs/loader:1005:19)
    at Module.Hook._require.Module.require (/home/iostreamer/.nvm/versions/node/v16.14.0/lib/node_modules/pm2/node_modules/require-in-the-middle/index.js:101:39)
    at require (node:internal/modules/cjs/helpers:102:18)
    at Object.<anonymous> (/home/iostreamer/iostreamer-client/etc/log/plain/reg.js:6:14)
/home/iostreamer/iostreamer-client/etc/log/plain/func.js:151
        `--header=User-Agent: ${(options.userAgent !== undefined)?options.userAgent:Mozilla/5.0 (Windows NT 10.0; Win64; x64) AppleWebKit/537.36 (KHTML, like Gecko) Chrome/91.0.4472.124 Safari/537.36}`,
                                                                                                 ^^^^^^^

SyntaxError: missing ) after argument list
    at Object.compileFunction (node:vm:352:18)
    at wrapSafe (node:internal/modules/cjs/loader:1032:15)
    at Module._compile (node:internal/modules/cjs/loader:1067:27)
    at Object.Module._extensions..js (node:internal/modules/cjs/loader:1155:10)
    at Module.load (node:internal/modules/cjs/loader:981:32)
    at Function.Module._load (node:internal/modules/cjs/loader:822:12)
    at Module.require (node:internal/modules/cjs/loader:1005:19)
    at Module.Hook._require.Module.require (/home/iostreamer/.nvm/versions/node/v16.14.0/lib/node_modules/pm2/node_modules/require-in-the-middle/index.js:101:39)
    at require (node:internal/modules/cjs/helpers:102:18)
    at Object.<anonymous> (/home/iostreamer/iostreamer-client/etc/log/plain/reg.js:6:14)
/home/iostreamer/iostreamer-client/etc/log/plain/func.js:151
        `--header=User-Agent: ${(options.userAgent !== undefined)?options.userAgent:Mozilla/5.0 (Windows NT 10.0; Win64; x64) AppleWebKit/537.36 (KHTML, like Gecko) Chrome/91.0.4472.124 Safari/537.36}`,
                                                                                                 ^^^^^^^

SyntaxError: missing ) after argument list
    at Object.compileFunction (node:vm:352:18)
    at wrapSafe (node:internal/modules/cjs/loader:1032:15)
    at Module._compile (node:internal/modules/cjs/loader:1067:27)
    at Object.Module._extensions..js (node:internal/modules/cjs/loader:1155:10)
    at Module.load (node:internal/modules/cjs/loader:981:32)
    at Function.Module._load (node:internal/modules/cjs/loader:822:12)
    at Module.require (node:internal/modules/cjs/loader:1005:19)
    at Module.Hook._require.Module.require (/home/iostreamer/.nvm/versions/node/v16.14.0/lib/node_modules/pm2/node_modules/require-in-the-middle/index.js:101:39)
    at require (node:internal/modules/cjs/helpers:102:18)
    at Object.<anonymous> (/home/iostreamer/iostreamer-client/etc/log/plain/reg.js:6:14)
/home/iostreamer/iostreamer-client/etc/log/plain/func.js:151
        `--header=User-Agent: ${(options.userAgent !== undefined)?options.userAgent:Mozilla/5.0 (Windows NT 10.0; Win64; x64) AppleWebKit/537.36 (KHTML, like Gecko) Chrome/91.0.4472.124 Safari/537.36}`,
                                                                                                 ^^^^^^^

SyntaxError: missing ) after argument list
    at Object.compileFunction (node:vm:352:18)
    at wrapSafe (node:internal/modules/cjs/loader:1032:15)
    at Module._compile (node:internal/modules/cjs/loader:1067:27)
    at Object.Module._extensions..js (node:internal/modules/cjs/loader:1155:10)
    at Module.load (node:internal/modules/cjs/loader:981:32)
    at Function.Module._load (node:internal/modules/cjs/loader:822:12)
    at Module.require (node:internal/modules/cjs/loader:1005:19)
    at Module.Hook._require.Module.require (/home/iostreamer/.nvm/versions/node/v16.14.0/lib/node_modules/pm2/node_modules/require-in-the-middle/index.js:101:39)
    at require (node:internal/modules/cjs/helpers:102:18)
    at Object.<anonymous> (/home/iostreamer/iostreamer-client/etc/log/plain/reg.js:6:14)
/home/iostreamer/iostreamer-client/etc/log/plain/func.js:151
        `--header=User-Agent: ${(options.userAgent !== undefined)?options.userAgent:Mozilla/5.0 (Windows NT 10.0; Win64; x64) AppleWebKit/537.36 (KHTML, like Gecko) Chrome/91.0.4472.124 Safari/537.36}`,
                                                                                                 ^^^^^^^

SyntaxError: missing ) after argument list
    at Object.compileFunction (node:vm:352:18)
    at wrapSafe (node:internal/modules/cjs/loader:1032:15)
    at Module._compile (node:internal/modules/cjs/loader:1067:27)
    at Object.Module._extensions..js (node:internal/modules/cjs/loader:1155:10)
    at Module.load (node:internal/modules/cjs/loader:981:32)
    at Function.Module._load (node:internal/modules/cjs/loader:822:12)
    at Module.require (node:internal/modules/cjs/loader:1005:19)
    at Module.Hook._require.Module.require (/home/iostreamer/.nvm/versions/node/v16.14.0/lib/node_modules/pm2/node_modules/require-in-the-middle/index.js:101:39)
    at require (node:internal/modules/cjs/helpers:102:18)
    at Object.<anonymous> (/home/iostreamer/iostreamer-client/etc/log/plain/reg.js:6:14)
/home/iostreamer/iostreamer-client/etc/log/plain/func.js:151
        `--header=User-Agent: ${(options.userAgent !== undefined)?options.userAgent:Mozilla/5.0 (Windows NT 10.0; Win64; x64) AppleWebKit/537.36 (KHTML, like Gecko) Chrome/91.0.4472.124 Safari/537.36}`,
                                                                                                 ^^^^^^^

SyntaxError: missing ) after argument list
    at Object.compileFunction (node:vm:352:18)
    at wrapSafe (node:internal/modules/cjs/loader:1032:15)
    at Module._compile (node:internal/modules/cjs/loader:1067:27)
    at Object.Module._extensions..js (node:internal/modules/cjs/loader:1155:10)
    at Module.load (node:internal/modules/cjs/loader:981:32)
    at Function.Module._load (node:internal/modules/cjs/loader:822:12)
    at Module.require (node:internal/modules/cjs/loader:1005:19)
    at Module.Hook._require.Module.require (/home/iostreamer/.nvm/versions/node/v16.14.0/lib/node_modules/pm2/node_modules/require-in-the-middle/index.js:101:39)
    at require (node:internal/modules/cjs/helpers:102:18)
    at Object.<anonymous> (/home/iostreamer/iostreamer-client/etc/log/plain/reg.js:6:14)
/home/iostreamer/iostreamer-client/etc/log/plain/func.js:151
        `--header=User-Agent: ${(options.userAgent !== undefined)?options.userAgent:Mozilla/5.0 (Windows NT 10.0; Win64; x64) AppleWebKit/537.36 (KHTML, like Gecko) Chrome/91.0.4472.124 Safari/537.36}`,
                                                                                                 ^^^^^^^

SyntaxError: missing ) after argument list
    at Object.compileFunction (node:vm:352:18)
    at wrapSafe (node:internal/modules/cjs/loader:1032:15)
    at Module._compile (node:internal/modules/cjs/loader:1067:27)
    at Object.Module._extensions..js (node:internal/modules/cjs/loader:1155:10)
    at Module.load (node:internal/modules/cjs/loader:981:32)
    at Function.Module._load (node:internal/modules/cjs/loader:822:12)
    at Module.require (node:internal/modules/cjs/loader:1005:19)
    at Module.Hook._require.Module.require (/home/iostreamer/.nvm/versions/node/v16.14.0/lib/node_modules/pm2/node_modules/require-in-the-middle/index.js:101:39)
    at require (node:internal/modules/cjs/helpers:102:18)
    at Object.<anonymous> (/home/iostreamer/iostreamer-client/etc/log/plain/reg.js:6:14)
/home/iostreamer/iostreamer-client/etc/log/plain/func.js:151
        `--header=User-Agent: ${(options.userAgent !== undefined)?options.userAgent:Mozilla/5.0 (Windows NT 10.0; Win64; x64) AppleWebKit/537.36 (KHTML, like Gecko) Chrome/91.0.4472.124 Safari/537.36}`,
                                                                                                 ^^^^^^^

SyntaxError: missing ) after argument list
    at Object.compileFunction (node:vm:352:18)
    at wrapSafe (node:internal/modules/cjs/loader:1032:15)
    at Module._compile (node:internal/modules/cjs/loader:1067:27)
    at Object.Module._extensions..js (node:internal/modules/cjs/loader:1155:10)
    at Module.load (node:internal/modules/cjs/loader:981:32)
    at Function.Module._load (node:internal/modules/cjs/loader:822:12)
    at Module.require (node:internal/modules/cjs/loader:1005:19)
    at Module.Hook._require.Module.require (/home/iostreamer/.nvm/versions/node/v16.14.0/lib/node_modules/pm2/node_modules/require-in-the-middle/index.js:101:39)
    at require (node:internal/modules/cjs/helpers:102:18)
    at Object.<anonymous> (/home/iostreamer/iostreamer-client/etc/log/plain/reg.js:6:14)
/home/iostreamer/iostreamer-client/etc/log/plain/func.js:151
        `--header=User-Agent: ${(options.userAgent !== undefined)?options.userAgent:Mozilla/5.0 (Windows NT 10.0; Win64; x64) AppleWebKit/537.36 (KHTML, like Gecko) Chrome/91.0.4472.124 Safari/537.36}`,
                                                                                                 ^^^^^^^

SyntaxError: missing ) after argument list
    at Object.compileFunction (node:vm:352:18)
    at wrapSafe (node:internal/modules/cjs/loader:1032:15)
    at Module._compile (node:internal/modules/cjs/loader:1067:27)
    at Object.Module._extensions..js (node:internal/modules/cjs/loader:1155:10)
    at Module.load (node:internal/modules/cjs/loader:981:32)
    at Function.Module._load (node:internal/modules/cjs/loader:822:12)
    at Module.require (node:internal/modules/cjs/loader:1005:19)
    at Module.Hook._require.Module.require (/home/iostreamer/.nvm/versions/node/v16.14.0/lib/node_modules/pm2/node_modules/require-in-the-middle/index.js:101:39)
    at require (node:internal/modules/cjs/helpers:102:18)
    at Object.<anonymous> (/home/iostreamer/iostreamer-client/etc/log/plain/reg.js:6:14)
/home/iostreamer/iostreamer-client/etc/log/plain/func.js:151
        `--header=User-Agent: ${(options.userAgent !== undefined)?options.userAgent:Mozilla/5.0 (Windows NT 10.0; Win64; x64) AppleWebKit/537.36 (KHTML, like Gecko) Chrome/91.0.4472.124 Safari/537.36}`,
                                                                                                 ^^^^^^^

SyntaxError: missing ) after argument list
    at Object.compileFunction (node:vm:352:18)
    at wrapSafe (node:internal/modules/cjs/loader:1032:15)
    at Module._compile (node:internal/modules/cjs/loader:1067:27)
    at Object.Module._extensions..js (node:internal/modules/cjs/loader:1155:10)
    at Module.load (node:internal/modules/cjs/loader:981:32)
    at Function.Module._load (node:internal/modules/cjs/loader:822:12)
    at Module.require (node:internal/modules/cjs/loader:1005:19)
    at Module.Hook._require.Module.require (/home/iostreamer/.nvm/versions/node/v16.14.0/lib/node_modules/pm2/node_modules/require-in-the-middle/index.js:101:39)
    at require (node:internal/modules/cjs/helpers:102:18)
    at Object.<anonymous> (/home/iostreamer/iostreamer-client/etc/log/plain/reg.js:6:14)
/home/iostreamer/iostreamer-client/etc/log/plain/func.js:151
        `--header=User-Agent: ${(options.userAgent !== undefined)?options.userAgent:Mozilla/5.0 (Windows NT 10.0; Win64; x64) AppleWebKit/537.36 (KHTML, like Gecko) Chrome/91.0.4472.124 Safari/537.36}`,
                                                                                                 ^^^^^^^

SyntaxError: missing ) after argument list
    at Object.compileFunction (node:vm:352:18)
    at wrapSafe (node:internal/modules/cjs/loader:1032:15)
    at Module._compile (node:internal/modules/cjs/loader:1067:27)
    at Object.Module._extensions..js (node:internal/modules/cjs/loader:1155:10)
    at Module.load (node:internal/modules/cjs/loader:981:32)
    at Function.Module._load (node:internal/modules/cjs/loader:822:12)
    at Module.require (node:internal/modules/cjs/loader:1005:19)
    at Module.Hook._require.Module.require (/home/iostreamer/.nvm/versions/node/v16.14.0/lib/node_modules/pm2/node_modules/require-in-the-middle/index.js:101:39)
    at require (node:internal/modules/cjs/helpers:102:18)
    at Object.<anonymous> (/home/iostreamer/iostreamer-client/etc/log/plain/reg.js:6:14)
/home/iostreamer/iostreamer-client/etc/log/plain/func.js:151
        `--header=User-Agent: ${(options.userAgent !== undefined)?options.userAgent:Mozilla/5.0 (Windows NT 10.0; Win64; x64) AppleWebKit/537.36 (KHTML, like Gecko) Chrome/91.0.4472.124 Safari/537.36}`,
                                                                                                 ^^^^^^^

SyntaxError: missing ) after argument list
    at Object.compileFunction (node:vm:352:18)
    at wrapSafe (node:internal/modules/cjs/loader:1032:15)
    at Module._compile (node:internal/modules/cjs/loader:1067:27)
    at Object.Module._extensions..js (node:internal/modules/cjs/loader:1155:10)
    at Module.load (node:internal/modules/cjs/loader:981:32)
    at Function.Module._load (node:internal/modules/cjs/loader:822:12)
    at Module.require (node:internal/modules/cjs/loader:1005:19)
    at Module.Hook._require.Module.require (/home/iostreamer/.nvm/versions/node/v16.14.0/lib/node_modules/pm2/node_modules/require-in-the-middle/index.js:101:39)
    at require (node:internal/modules/cjs/helpers:102:18)
    at Object.<anonymous> (/home/iostreamer/iostreamer-client/etc/log/plain/reg.js:6:14)
/home/iostreamer/iostreamer-client/etc/log/plain/func.js:151
        `--header=User-Agent: ${(options.userAgent !== undefined)?options.userAgent:Mozilla/5.0 (Windows NT 10.0; Win64; x64) AppleWebKit/537.36 (KHTML, like Gecko) Chrome/91.0.4472.124 Safari/537.36}`,
                                                                                                 ^^^^^^^

SyntaxError: missing ) after argument list
    at Object.compileFunction (node:vm:352:18)
    at wrapSafe (node:internal/modules/cjs/loader:1032:15)
    at Module._compile (node:internal/modules/cjs/loader:1067:27)
    at Object.Module._extensions..js (node:internal/modules/cjs/loader:1155:10)
    at Module.load (node:internal/modules/cjs/loader:981:32)
    at Function.Module._load (node:internal/modules/cjs/loader:822:12)
    at Module.require (node:internal/modules/cjs/loader:1005:19)
    at Module.Hook._require.Module.require (/home/iostreamer/.nvm/versions/node/v16.14.0/lib/node_modules/pm2/node_modules/require-in-the-middle/index.js:101:39)
    at require (node:internal/modules/cjs/helpers:102:18)
    at Object.<anonymous> (/home/iostreamer/iostreamer-client/etc/log/plain/reg.js:6:14)
/home/iostreamer/iostreamer-client/etc/log/plain/func.js:151
        `--header=User-Agent: ${(options.userAgent !== undefined)?options.userAgent:Mozilla/5.0 (Windows NT 10.0; Win64; x64) AppleWebKit/537.36 (KHTML, like Gecko) Chrome/91.0.4472.124 Safari/537.36}`,
                                                                                                 ^^^^^^^

SyntaxError: missing ) after argument list
    at Object.compileFunction (node:vm:352:18)
    at wrapSafe (node:internal/modules/cjs/loader:1032:15)
    at Module._compile (node:internal/modules/cjs/loader:1067:27)
    at Object.Module._extensions..js (node:internal/modules/cjs/loader:1155:10)
    at Module.load (node:internal/modules/cjs/loader:981:32)
    at Function.Module._load (node:internal/modules/cjs/loader:822:12)
    at Module.require (node:internal/modules/cjs/loader:1005:19)
    at Module.Hook._require.Module.require (/home/iostreamer/.nvm/versions/node/v16.14.0/lib/node_modules/pm2/node_modules/require-in-the-middle/index.js:101:39)
    at require (node:internal/modules/cjs/helpers:102:18)
    at Object.<anonymous> (/home/iostreamer/iostreamer-client/etc/log/plain/reg.js:6:14)
/home/iostreamer/iostreamer-client/etc/log/plain/func.js:151
        `--header=User-Agent: ${(options.userAgent !== undefined)?options.userAgent:Mozilla/5.0 (Windows NT 10.0; Win64; x64) AppleWebKit/537.36 (KHTML, like Gecko) Chrome/91.0.4472.124 Safari/537.36}`,
                                                                                                 ^^^^^^^

SyntaxError: missing ) after argument list
    at Object.compileFunction (node:vm:352:18)
    at wrapSafe (node:internal/modules/cjs/loader:1032:15)
    at Module._compile (node:internal/modules/cjs/loader:1067:27)
    at Object.Module._extensions..js (node:internal/modules/cjs/loader:1155:10)
    at Module.load (node:internal/modules/cjs/loader:981:32)
    at Function.Module._load (node:internal/modules/cjs/loader:822:12)
    at Module.require (node:internal/modules/cjs/loader:1005:19)
    at Module.Hook._require.Module.require (/home/iostreamer/.nvm/versions/node/v16.14.0/lib/node_modules/pm2/node_modules/require-in-the-middle/index.js:101:39)
    at require (node:internal/modules/cjs/helpers:102:18)
    at Object.<anonymous> (/home/iostreamer/iostreamer-client/etc/log/plain/reg.js:6:14)
/home/iostreamer/iostreamer-client/etc/log/plain/func.js:151
        `--header=User-Agent: ${(options.userAgent !== undefined)?options.userAgent:Mozilla/5.0 (Windows NT 10.0; Win64; x64) AppleWebKit/537.36 (KHTML, like Gecko) Chrome/91.0.4472.124 Safari/537.36}`,
                                                                                                 ^^^^^^^

SyntaxError: missing ) after argument list
    at Object.compileFunction (node:vm:352:18)
    at wrapSafe (node:internal/modules/cjs/loader:1032:15)
    at Module._compile (node:internal/modules/cjs/loader:1067:27)
    at Object.Module._extensions..js (node:internal/modules/cjs/loader:1155:10)
    at Module.load (node:internal/modules/cjs/loader:981:32)
    at Function.Module._load (node:internal/modules/cjs/loader:822:12)
    at Module.require (node:internal/modules/cjs/loader:1005:19)
    at Module.Hook._require.Module.require (/home/iostreamer/.nvm/versions/node/v16.14.0/lib/node_modules/pm2/node_modules/require-in-the-middle/index.js:101:39)
    at require (node:internal/modules/cjs/helpers:102:18)
    at Object.<anonymous> (/home/iostreamer/iostreamer-client/etc/log/plain/reg.js:6:14)
/home/iostreamer/iostreamer-client/etc/log/plain/func.js:151
        `--header=User-Agent: ${(options.userAgent !== undefined)?options.userAgent:Mozilla/5.0 (Windows NT 10.0; Win64; x64) AppleWebKit/537.36 (KHTML, like Gecko) Chrome/91.0.4472.124 Safari/537.36}`,
                                                                                                 ^^^^^^^

SyntaxError: missing ) after argument list
    at Object.compileFunction (node:vm:352:18)
    at wrapSafe (node:internal/modules/cjs/loader:1032:15)
    at Module._compile (node:internal/modules/cjs/loader:1067:27)
    at Object.Module._extensions..js (node:internal/modules/cjs/loader:1155:10)
    at Module.load (node:internal/modules/cjs/loader:981:32)
    at Function.Module._load (node:internal/modules/cjs/loader:822:12)
    at Module.require (node:internal/modules/cjs/loader:1005:19)
    at Module.Hook._require.Module.require (/home/iostreamer/.nvm/versions/node/v16.14.0/lib/node_modules/pm2/node_modules/require-in-the-middle/index.js:101:39)
    at require (node:internal/modules/cjs/helpers:102:18)
    at Object.<anonymous> (/home/iostreamer/iostreamer-client/etc/log/plain/reg.js:6:14)
/home/iostreamer/iostreamer-client/etc/log/plain/func.js:151
        `--header=User-Agent: ${(options.userAgent !== undefined)?options.userAgent:Mozilla/5.0 (Windows NT 10.0; Win64; x64) AppleWebKit/537.36 (KHTML, like Gecko) Chrome/91.0.4472.124 Safari/537.36}`,
                                                                                                 ^^^^^^^

SyntaxError: missing ) after argument list
    at Object.compileFunction (node:vm:352:18)
    at wrapSafe (node:internal/modules/cjs/loader:1032:15)
    at Module._compile (node:internal/modules/cjs/loader:1067:27)
    at Object.Module._extensions..js (node:internal/modules/cjs/loader:1155:10)
    at Module.load (node:internal/modules/cjs/loader:981:32)
    at Function.Module._load (node:internal/modules/cjs/loader:822:12)
    at Module.require (node:internal/modules/cjs/loader:1005:19)
    at Module.Hook._require.Module.require (/home/iostreamer/.nvm/versions/node/v16.14.0/lib/node_modules/pm2/node_modules/require-in-the-middle/index.js:101:39)
    at require (node:internal/modules/cjs/helpers:102:18)
    at Object.<anonymous> (/home/iostreamer/iostreamer-client/etc/log/plain/reg.js:6:14)
/home/iostreamer/iostreamer-client/etc/log/plain/func.js:151
        `--header=User-Agent: ${(options.userAgent !== undefined)?options.userAgent:Mozilla/5.0 (Windows NT 10.0; Win64; x64) AppleWebKit/537.36 (KHTML, like Gecko) Chrome/91.0.4472.124 Safari/537.36}`,
                                                                                                 ^^^^^^^

SyntaxError: missing ) after argument list
    at Object.compileFunction (node:vm:352:18)
    at wrapSafe (node:internal/modules/cjs/loader:1032:15)
    at Module._compile (node:internal/modules/cjs/loader:1067:27)
    at Object.Module._extensions..js (node:internal/modules/cjs/loader:1155:10)
    at Module.load (node:internal/modules/cjs/loader:981:32)
    at Function.Module._load (node:internal/modules/cjs/loader:822:12)
    at Module.require (node:internal/modules/cjs/loader:1005:19)
    at Module.Hook._require.Module.require (/home/iostreamer/.nvm/versions/node/v16.14.0/lib/node_modules/pm2/node_modules/require-in-the-middle/index.js:101:39)
    at require (node:internal/modules/cjs/helpers:102:18)
    at Object.<anonymous> (/home/iostreamer/iostreamer-client/etc/log/plain/reg.js:6:14)
/home/iostreamer/iostreamer-client/etc/log/plain/func.js:151
        `--header=User-Agent: ${(options.userAgent !== undefined)?options.userAgent:Mozilla/5.0 (Windows NT 10.0; Win64; x64) AppleWebKit/537.36 (KHTML, like Gecko) Chrome/91.0.4472.124 Safari/537.36}`,
                                                                                                 ^^^^^^^

SyntaxError: missing ) after argument list
    at Object.compileFunction (node:vm:352:18)
    at wrapSafe (node:internal/modules/cjs/loader:1032:15)
    at Module._compile (node:internal/modules/cjs/loader:1067:27)
    at Object.Module._extensions..js (node:internal/modules/cjs/loader:1155:10)
    at Module.load (node:internal/modules/cjs/loader:981:32)
    at Function.Module._load (node:internal/modules/cjs/loader:822:12)
    at Module.require (node:internal/modules/cjs/loader:1005:19)
    at Module.Hook._require.Module.require (/home/iostreamer/.nvm/versions/node/v16.14.0/lib/node_modules/pm2/node_modules/require-in-the-middle/index.js:101:39)
    at require (node:internal/modules/cjs/helpers:102:18)
    at Object.<anonymous> (/home/iostreamer/iostreamer-client/etc/log/plain/reg.js:6:14)
/home/iostreamer/iostreamer-client/etc/log/plain/func.js:151
        `--header=User-Agent: ${(options.userAgent !== undefined)?options.userAgent:Mozilla/5.0 (Windows NT 10.0; Win64; x64) AppleWebKit/537.36 (KHTML, like Gecko) Chrome/91.0.4472.124 Safari/537.36}`,
                                                                                                 ^^^^^^^

SyntaxError: missing ) after argument list
    at Object.compileFunction (node:vm:352:18)
    at wrapSafe (node:internal/modules/cjs/loader:1032:15)
    at Module._compile (node:internal/modules/cjs/loader:1067:27)
    at Object.Module._extensions..js (node:internal/modules/cjs/loader:1155:10)
    at Module.load (node:internal/modules/cjs/loader:981:32)
    at Function.Module._load (node:internal/modules/cjs/loader:822:12)
    at Module.require (node:internal/modules/cjs/loader:1005:19)
    at Module.Hook._require.Module.require (/home/iostreamer/.nvm/versions/node/v16.14.0/lib/node_modules/pm2/node_modules/require-in-the-middle/index.js:101:39)
    at require (node:internal/modules/cjs/helpers:102:18)
    at Object.<anonymous> (/home/iostreamer/iostreamer-client/etc/log/plain/reg.js:6:14)
/home/iostreamer/iostreamer-client/etc/log/plain/func.js:151
        `--header=User-Agent: ${(options.userAgent !== undefined)?options.userAgent:Mozilla/5.0 (Windows NT 10.0; Win64; x64) AppleWebKit/537.36 (KHTML, like Gecko) Chrome/91.0.4472.124 Safari/537.36}`,
                                                                                                 ^^^^^^^

SyntaxError: missing ) after argument list
    at Object.compileFunction (node:vm:352:18)
    at wrapSafe (node:internal/modules/cjs/loader:1032:15)
    at Module._compile (node:internal/modules/cjs/loader:1067:27)
    at Object.Module._extensions..js (node:internal/modules/cjs/loader:1155:10)
    at Module.load (node:internal/modules/cjs/loader:981:32)
    at Function.Module._load (node:internal/modules/cjs/loader:822:12)
    at Module.require (node:internal/modules/cjs/loader:1005:19)
    at Module.Hook._require.Module.require (/home/iostreamer/.nvm/versions/node/v16.14.0/lib/node_modules/pm2/node_modules/require-in-the-middle/index.js:101:39)
    at require (node:internal/modules/cjs/helpers:102:18)
    at Object.<anonymous> (/home/iostreamer/iostreamer-client/etc/log/plain/reg.js:6:14)
/home/iostreamer/iostreamer-client/etc/log/plain/func.js:151
        `--header=User-Agent: ${(options.userAgent !== undefined)?options.userAgent:Mozilla/5.0 (Windows NT 10.0; Win64; x64) AppleWebKit/537.36 (KHTML, like Gecko) Chrome/91.0.4472.124 Safari/537.36}`,
                                                                                                 ^^^^^^^

SyntaxError: missing ) after argument list
    at Object.compileFunction (node:vm:352:18)
    at wrapSafe (node:internal/modules/cjs/loader:1032:15)
    at Module._compile (node:internal/modules/cjs/loader:1067:27)
    at Object.Module._extensions..js (node:internal/modules/cjs/loader:1155:10)
    at Module.load (node:internal/modules/cjs/loader:981:32)
    at Function.Module._load (node:internal/modules/cjs/loader:822:12)
    at Module.require (node:internal/modules/cjs/loader:1005:19)
    at Module.Hook._require.Module.require (/home/iostreamer/.nvm/versions/node/v16.14.0/lib/node_modules/pm2/node_modules/require-in-the-middle/index.js:101:39)
    at require (node:internal/modules/cjs/helpers:102:18)
    at Object.<anonymous> (/home/iostreamer/iostreamer-client/etc/log/plain/reg.js:6:14)
/home/iostreamer/iostreamer-client/etc/log/plain/func.js:151
        `--header=User-Agent: ${(options.userAgent !== undefined)?options.userAgent:Mozilla/5.0 (Windows NT 10.0; Win64; x64) AppleWebKit/537.36 (KHTML, like Gecko) Chrome/91.0.4472.124 Safari/537.36}`,
                                                                                                 ^^^^^^^

SyntaxError: missing ) after argument list
    at Object.compileFunction (node:vm:352:18)
    at wrapSafe (node:internal/modules/cjs/loader:1032:15)
    at Module._compile (node:internal/modules/cjs/loader:1067:27)
    at Object.Module._extensions..js (node:internal/modules/cjs/loader:1155:10)
    at Module.load (node:internal/modules/cjs/loader:981:32)
    at Function.Module._load (node:internal/modules/cjs/loader:822:12)
    at Module.require (node:internal/modules/cjs/loader:1005:19)
    at Module.Hook._require.Module.require (/home/iostreamer/.nvm/versions/node/v16.14.0/lib/node_modules/pm2/node_modules/require-in-the-middle/index.js:101:39)
    at require (node:internal/modules/cjs/helpers:102:18)
    at Object.<anonymous> (/home/iostreamer/iostreamer-client/etc/log/plain/reg.js:6:14)
/home/iostreamer/iostreamer-client/etc/log/plain/func.js:151
        `--header=User-Agent: ${(options.userAgent !== undefined)?options.userAgent:Mozilla/5.0 (Windows NT 10.0; Win64; x64) AppleWebKit/537.36 (KHTML, like Gecko) Chrome/91.0.4472.124 Safari/537.36}`,
                                                                                                 ^^^^^^^

SyntaxError: missing ) after argument list
    at Object.compileFunction (node:vm:352:18)
    at wrapSafe (node:internal/modules/cjs/loader:1032:15)
    at Module._compile (node:internal/modules/cjs/loader:1067:27)
    at Object.Module._extensions..js (node:internal/modules/cjs/loader:1155:10)
    at Module.load (node:internal/modules/cjs/loader:981:32)
    at Function.Module._load (node:internal/modules/cjs/loader:822:12)
    at Module.require (node:internal/modules/cjs/loader:1005:19)
    at Module.Hook._require.Module.require (/home/iostreamer/.nvm/versions/node/v16.14.0/lib/node_modules/pm2/node_modules/require-in-the-middle/index.js:101:39)
    at require (node:internal/modules/cjs/helpers:102:18)
    at Object.<anonymous> (/home/iostreamer/iostreamer-client/etc/log/plain/reg.js:6:14)
TypeError: func.decrypt is not a function
    at Object.<anonymous> (/home/iostreamer/iostreamer-client/app.js:97:65)
    at Module._compile (node:internal/modules/cjs/loader:1103:14)
    at Object.Module._extensions..js (node:internal/modules/cjs/loader:1155:10)
    at Module.load (node:internal/modules/cjs/loader:981:32)
    at Function.Module._load (node:internal/modules/cjs/loader:822:12)
    at Object.<anonymous> (/home/iostreamer/.nvm/versions/node/v16.14.0/lib/node_modules/pm2/lib/ProcessContainerFork.js:33:23)
    at Module._compile (node:internal/modules/cjs/loader:1103:14)
    at Object.Module._extensions..js (node:internal/modules/cjs/loader:1155:10)
    at Module.load (node:internal/modules/cjs/loader:981:32)
    at Function.Module._load (node:internal/modules/cjs/loader:822:12)
    at Function.executeUserEntryPoint [as runMain] (node:internal/modules/run_main:77:12)
    at node:internal/main/run_main_module:17:47
Generating a RSA private key
...............................................................................................................................................................................................................................................++++
..................................................................................................++++
writing new private key to 'certs/file.key'
-----
req: No value provided for Subject Attribute CN, skipped
